<?xml version="1.0" encoding="UTF-8"?>
<!-- Generated by org.testng.reporters.JUnitReportReporter -->
<testsuite hostname="Silya" failures="0" tests="4" name="testng_automation_practice.Test_ConsumerEnergie" time="4.555" errors="0" timestamp="2022-11-04T21:33:29 EDT" skipped="0">
  <testcase classname="testng_automation_practice.Test_ConsumerEnergie" name="openConsumerEnergieWebsite" time="3.152"/>
  <system-out/>
  <testcase classname="testng_automation_practice.Test_ConsumerEnergie" name="clickOnContact" time="0.085"/>
  <system-out/>
  <testcase classname="testng_automation_practice.Test_ConsumerEnergie" name="clickOnPayBill" time="1.238"/>
  <system-out/>
  <testcase classname="testng_automation_practice.Test_ConsumerEnergie" name="EnterUserID" time="0.080"/>
  <system-out/>
</testsuite> <!-- testng_automation_practice.Test_ConsumerEnergie -->
