<?xml version="1.0" encoding="UTF-8"?>
<!-- Generated by org.testng.reporters.JUnitReportReporter -->
<testsuite hostname="Silya" failures="0" tests="5" name="testng_automation_practice.Test_practice" time="9.734" errors="0" timestamp="2022-11-03T23:42:54 EDT" skipped="0">
  <testcase classname="testng_automation_practice.Test_practice" name="setUP" time="7.589"/>
  <system-out/>
  <testcase classname="testng_automation_practice.Test_practice" name="clickOnResidential" time="1.911"/>
  <system-out/>
  <testcase classname="testng_automation_practice.Test_practice" name="clickOnBillingPaiment" time="0.079"/>
  <system-out/>
  <testcase classname="testng_automation_practice.Test_practice" name="clickOnSignin" time="0.059"/>
  <system-out/>
  <testcase classname="testng_automation_practice.Test_practice" name="enterUsername" time="0.096"/>
  <system-out/>
</testsuite> <!-- testng_automation_practice.Test_practice -->
