<?xml version="1.0" encoding="UTF-8"?>
<!-- Generated by org.testng.reporters.JUnitReportReporter -->
<testsuite hostname="Silya" failures="0" tests="5" name="testng_automation_practice.Test_PlayAroud_OldNavy" time="12.514" errors="0" timestamp="2022-11-04T00:55:40 EDT" skipped="0">
  <testcase classname="testng_automation_practice.Test_PlayAroud_OldNavy" name="openOldNavyWebsite" time="3.474"/>
  <system-out/>
  <testcase classname="testng_automation_practice.Test_PlayAroud_OldNavy" name="clickOnNew" time="2.254"/>
  <system-out/>
  <testcase classname="testng_automation_practice.Test_PlayAroud_OldNavy" name="clickOnBaby" time="2.457"/>
  <system-out/>
  <testcase classname="testng_automation_practice.Test_PlayAroud_OldNavy" name="clickOnGiftCard" time="2.705"/>
  <system-out/>
  <testcase classname="testng_automation_practice.Test_PlayAroud_OldNavy" name="clickOnFindStore" time="1.624"/>
  <system-out/>
</testsuite> <!-- testng_automation_practice.Test_PlayAroud_OldNavy -->
