<?xml version="1.0" encoding="UTF-8"?>
<!-- Generated by org.testng.reporters.JUnitReportReporter -->
<testsuite hostname="Silya" failures="0" tests="5" name="testng_automation_practice.Test_Play_Around_Facebook" time="1.634" errors="0" timestamp="2022-11-04T21:33:03 EDT" skipped="0">
  <testcase classname="testng_automation_practice.Test_Play_Around_Facebook" name="setUpfacebook" time="0.801"/>
  <system-out/>
  <testcase classname="testng_automation_practice.Test_Play_Around_Facebook" name="clickOnCreatAccount" time="0.557"/>
  <system-out/>
  <testcase classname="testng_automation_practice.Test_Play_Around_Facebook" name="enterFirstname" time="0.068"/>
  <system-out/>
  <testcase classname="testng_automation_practice.Test_Play_Around_Facebook" name="enterLastname" time="0.077"/>
  <system-out/>
  <testcase classname="testng_automation_practice.Test_Play_Around_Facebook" name="enterEmailAdress" time="0.131"/>
  <system-out/>
</testsuite> <!-- testng_automation_practice.Test_Play_Around_Facebook -->
