<?xml version="1.0" encoding="UTF-8"?>
<!-- Generated by org.testng.reporters.JUnitReportReporter -->
<testsuite hostname="Silya" failures="0" tests="5" name="testng_automation_practice.Test_PlayAroundthree" time="3.989" errors="0" timestamp="2022-11-02T23:42:39 EDT" skipped="0">
  <testcase classname="testng_automation_practice.Test_PlayAroundthree" name="clickOnHELP" time="1.527"/>
  <system-out/>
  <testcase classname="testng_automation_practice.Test_PlayAroundthree" name="OpenZARAWebsite" time="2.237"/>
  <system-out/>
  <testcase classname="testng_automation_practice.Test_PlayAroundthree" name="clickOnSEARCH" time="0.063"/>
  <system-out/>
  <testcase classname="testng_automation_practice.Test_PlayAroundthree" name="clickOnLOGIIN" time="0.091"/>
  <system-out/>
  <testcase classname="testng_automation_practice.Test_PlayAroundthree" name="clickOnZARAlogo" time="0.071"/>
  <system-out/>
</testsuite> <!-- testng_automation_practice.Test_PlayAroundthree -->
