<?xml version="1.0" encoding="UTF-8"?>
<!-- Generated by org.testng.reporters.JUnitReportReporter -->
<testsuite hostname="Silya" failures="0" tests="3" name="tesng_automation_30_Oct.TriCombo" time="8.146" errors="0" timestamp="2022-11-02T01:08:05 EDT" skipped="0">
  <testcase classname="tesng_automation_30_Oct.TriCombo" name="testCase3" time="3.654"/>
  <system-out/>
  <testcase classname="tesng_automation_30_Oct.TriCombo" name="testCase1" time="2.692"/>
  <system-out/>
  <testcase classname="tesng_automation_30_Oct.TriCombo" name="testCase2" time="1.800"/>
  <system-out/>
</testsuite> <!-- tesng_automation_30_Oct.TriCombo -->
