<?xml version="1.0" encoding="UTF-8"?>
<!-- Generated by org.testng.reporters.JUnitReportReporter -->
<testsuite hostname="Silya" failures="0" tests="5" name="tesng_automation_30_Oct.PlayAround" time="12.610" errors="0" timestamp="2022-11-02T12:59:09 EDT" skipped="0">
  <testcase classname="tesng_automation_30_Oct.PlayAround" name="clickOnAllButton" time="11.317"/>
  <system-out/>
  <testcase classname="tesng_automation_30_Oct.PlayAround" name="SetUP" time="0.475"/>
  <system-out/>
  <testcase classname="tesng_automation_30_Oct.PlayAround" name="clickOnSelectAddress" time="0.093"/>
  <system-out/>
  <testcase classname="tesng_automation_30_Oct.PlayAround" name="clickOnKeywords" time="0.105"/>
  <system-out/>
  <testcase classname="tesng_automation_30_Oct.PlayAround" name="clickOnCustomerService" time="0.620"/>
  <system-out/>
</testsuite> <!-- tesng_automation_30_Oct.PlayAround -->
