<?xml version="1.0" encoding="UTF-8"?>
<!-- Generated by org.testng.reporters.JUnitReportReporter -->
<testsuite hostname="Silya" failures="0" tests="4" name="testng_automation_practice.Test_PlayAround_HM" time="4.403" errors="0" timestamp="2022-11-04T21:50:03 EDT" skipped="0">
  <testcase classname="testng_automation_practice.Test_PlayAround_HM" name="setUpExpress" time="1.949"/>
  <system-out/>
  <testcase classname="testng_automation_practice.Test_PlayAround_HM" name="clickOnExpressLogo" time="1.382"/>
  <system-out/>
  <testcase classname="testng_automation_practice.Test_PlayAround_HM" name="clickOnDetails" time="0.890"/>
  <system-out/>
  <testcase classname="testng_automation_practice.Test_PlayAround_HM" name="clickOnCreateAccount" time="0.182"/>
  <system-out/>
</testsuite> <!-- testng_automation_practice.Test_PlayAround_HM -->
