<?xml version="1.0" encoding="UTF-8"?>
<!-- Generated by org.testng.reporters.JUnitReportReporter -->
<testsuite hostname="Silya" failures="0" tests="5" name="practice_using_csscelector.Rediff_Using_Csscelector" time="12.645" errors="0" timestamp="2022-11-10T12:11:32 EST" skipped="0">
  <testcase classname="practice_using_csscelector.Rediff_Using_Csscelector" name="clickOnSigninlinck" time="1.717"/>
  <system-out/>
  <testcase classname="practice_using_csscelector.Rediff_Using_Csscelector" name="enterUserName" time="0.155"/>
  <system-out/>
  <testcase classname="practice_using_csscelector.Rediff_Using_Csscelector" name="enterPassword" time="0.077"/>
  <system-out/>
  <testcase classname="practice_using_csscelector.Rediff_Using_Csscelector" name="clickOnlogin" time="6.286"/>
  <system-out/>
  <testcase classname="practice_using_csscelector.Rediff_Using_Csscelector" name="clickOnLogOut" time="4.410"/>
  <system-out/>
</testsuite> <!-- practice_using_csscelector.Rediff_Using_Csscelector -->
