<?xml version="1.0" encoding="UTF-8"?>
<!-- Generated by org.testng.reporters.JUnitReportReporter -->
<testsuite hostname="Silya" failures="0" tests="1" name="practice_Nov_06.CssCelector_practice" time="10.431" errors="0" timestamp="2022-11-09T12:07:45 EST" skipped="0">
  <testcase classname="practice_Nov_06.CssCelector_practice" name="clickOnSignIn" time="10.431"/>
  <system-out/>
</testsuite> <!-- practice_Nov_06.CssCelector_practice -->
