<?xml version="1.0" encoding="UTF-8"?>
<!-- Generated by org.testng.reporters.JUnitReportReporter -->
<testsuite hostname="Silya" failures="0" tests="1" name="tesng_automation_30_Oct.Execution_preiorities" time="0.006" errors="0" timestamp="2022-11-01T23:44:43 EDT" skipped="0">
  <testcase classname="tesng_automation_30_Oct.Execution_preiorities" name="testCase" time="0.006"/>
  <system-out/>
</testsuite> <!-- tesng_automation_30_Oct.Execution_preiorities -->
