<?xml version="1.0" encoding="UTF-8"?>
<!-- Generated by org.testng.reporters.JUnitReportReporter -->
<testsuite hostname="Silya" failures="0" tests="5" name="testng_automation_practice.Test_platAround_amazon" time="13.344" errors="0" timestamp="2022-11-02T12:28:44 EDT" skipped="0">
  <testcase classname="testng_automation_practice.Test_platAround_amazon" name="clickOnAllButton" time="11.818"/>
  <system-out/>
  <testcase classname="testng_automation_practice.Test_platAround_amazon" name="SetUP" time="0.474"/>
  <system-out/>
  <testcase classname="testng_automation_practice.Test_platAround_amazon" name="clickOnSelectAddress" time="0.200"/>
  <system-out/>
  <testcase classname="testng_automation_practice.Test_platAround_amazon" name="clickOnKeywords" time="0.133"/>
  <system-out/>
  <testcase classname="testng_automation_practice.Test_platAround_amazon" name="clickOnCustomerService" time="0.719"/>
  <system-out/>
</testsuite> <!-- testng_automation_practice.Test_platAround_amazon -->
