<?xml version="1.0" encoding="UTF-8"?>
<!-- Generated by org.testng.reporters.JUnitReportReporter -->
<testsuite hostname="Silya" failures="0" tests="7" name="tesng_automation_30_Oct.Priority_A_Value" time="0.007" errors="0" timestamp="2022-11-02T01:24:59 EDT" skipped="1">
  <testcase classname="tesng_automation_30_Oct.Priority_A_Value" name="testCase2" time="0.006"/>
  <system-out/>
  <testcase classname="tesng_automation_30_Oct.Priority_A_Value" name="testCase5" time="0.000"/>
  <system-out/>
  <testcase classname="tesng_automation_30_Oct.Priority_A_Value" name="testCase5" time="0.000"/>
  <system-out/>
  <testcase classname="tesng_automation_30_Oct.Priority_A_Value" name="testCase5" time="0.000"/>
  <system-out/>
  <testcase classname="tesng_automation_30_Oct.Priority_A_Value" name="testCase3" time="0.000"/>
  <system-out/>
  <testcase classname="tesng_automation_30_Oct.Priority_A_Value" name="testCase1" time="0.001"/>
  <system-out/>
  <testcase classname="tesng_automation_30_Oct.Priority_A_Value" name="testCase4">
    <skipped/>
  </testcase> <!-- testCase4 -->
  <system-out/>
</testsuite> <!-- tesng_automation_30_Oct.Priority_A_Value -->
