<?xml version="1.0" encoding="UTF-8"?>
<!-- Generated by org.testng.reporters.JUnitReportReporter -->
<testsuite hostname="Silya" failures="0" tests="5" name="testng_automation_practice.Test_PlayAroundtwo" time="8.624" errors="0" timestamp="2022-11-02T18:41:15 EDT" skipped="0">
  <testcase classname="testng_automation_practice.Test_PlayAroundtwo" name="clickOnSearchBox" time="0.759"/>
  <system-out/>
  <testcase classname="testng_automation_practice.Test_PlayAroundtwo" name="clickOnSechedulevaccin" time="2.496"/>
  <system-out/>
  <testcase classname="testng_automation_practice.Test_PlayAroundtwo" name="clickOncart" time="1.679"/>
  <system-out/>
  <testcase classname="testng_automation_practice.Test_PlayAroundtwo" name="OpenWelgreensWebsite" time="3.376"/>
  <system-out/>
  <testcase classname="testng_automation_practice.Test_PlayAroundtwo" name="clickOnMenu" time="0.314"/>
  <system-out/>
</testsuite> <!-- testng_automation_practice.Test_PlayAroundtwo -->
