<?xml version="1.0" encoding="UTF-8"?>
<!-- Generated by org.testng.reporters.JUnitReportReporter -->
<testsuite hostname="Silya" failures="0" tests="5" name="testng_automation_practice.Test_PlayAroundFourth" time="17.727" errors="0" timestamp="2022-11-03T23:57:01 EDT" skipped="0">
  <testcase classname="testng_automation_practice.Test_PlayAroundFourth" name="OpenWelgreensWebsite" time="3.263"/>
  <system-out/>
  <testcase classname="testng_automation_practice.Test_PlayAroundFourth" name="clickOnRecord" time="3.352"/>
  <system-out/>
  <testcase classname="testng_automation_practice.Test_PlayAroundFourth" name="clickOnDeals" time="0.876"/>
  <system-out/>
  <testcase classname="testng_automation_practice.Test_PlayAroundFourth" name="clickOnSignin" time="9.703"/>
  <system-out/>
  <testcase classname="testng_automation_practice.Test_PlayAroundFourth" name="enterUsername" time="0.533"/>
  <system-out/>
</testsuite> <!-- testng_automation_practice.Test_PlayAroundFourth -->
