<?xml version="1.0" encoding="UTF-8"?>
<!-- Generated by org.testng.reporters.JUnitReportReporter -->
<testsuite hostname="Silya" failures="0" tests="5" name="testng_automation_practice.Test_PlayAroundGeico" time="4.764" errors="0" timestamp="2022-11-04T00:35:13 EDT" skipped="0">
  <testcase classname="testng_automation_practice.Test_PlayAroundGeico" name="setUpGeico" time="4.122"/>
  <system-out/>
  <testcase classname="testng_automation_practice.Test_PlayAroundGeico" name="clickOnZipCode" time="0.054"/>
  <system-out/>
  <testcase classname="testng_automation_practice.Test_PlayAroundGeico" name="clickOnLogoGeico" time="0.192"/>
  <system-out/>
  <testcase classname="testng_automation_practice.Test_PlayAroundGeico" name="clickOnGO" time="0.306"/>
  <system-out/>
  <testcase classname="testng_automation_practice.Test_PlayAroundGeico" name="clickOnStartMyQote" time="0.090"/>
  <system-out/>
</testsuite> <!-- testng_automation_practice.Test_PlayAroundGeico -->
