<?xml version="1.0" encoding="UTF-8"?>
<!-- Generated by org.testng.reporters.JUnitReportReporter -->
<testsuite hostname="Silya" failures="0" tests="3" name="testng_code_5nov.Enable_vs_AlwaysRun" time="0.003" errors="0" timestamp="2022-11-08T20:30:05 EST" skipped="0">
  <testcase classname="testng_code_5nov.Enable_vs_AlwaysRun" name="logic1" time="0.001"/>
  <system-out/>
  <testcase classname="testng_code_5nov.Enable_vs_AlwaysRun" name="logic2" time="0.001"/>
  <system-out/>
  <testcase classname="testng_code_5nov.Enable_vs_AlwaysRun" name="logic3" time="0.001"/>
  <system-out/>
</testsuite> <!-- testng_code_5nov.Enable_vs_AlwaysRun -->
